<?xml version="1.0" encoding="UTF-8"?>
<!-- Generated by org.testng.reporters.JUnitXMLReporter -->
<testsuite ignored="0" hostname="LAPTOP-9JIDQCJN" failures="0" tests="2" name="Default test" time="65.747" errors="0" timestamp="04 Mar 2020 03:35:32 GMT">
  <testcase classname="com.midtrans.qa.testcases.MIdTrans_Home_Test" name="validate_SuccessFul_Order" time="21.897"/>
  <testcase classname="com.midtrans.qa.testcases.MIdTrans_Home_Test" name="Validate_UnSuccessful_Order" time="15.775"/>
</testsuite> <!-- Default test -->
