<?xml version="1.0" encoding="UTF-8"?>
<!-- Generated by org.testng.reporters.JUnitXMLReporter -->
<testsuite ignored="0" hostname="LAPTOP-9JIDQCJN" failures="0" tests="2" name="MidTrans_Test" time="63.067" errors="0" timestamp="04 Mar 2020 05:52:40 GMT">
  <testcase classname="com.midtrans.qa.testcases.MIdTrans_Home_Test" name="validate_SuccessFul_Order" time="21.359"/>
  <testcase classname="com.midtrans.qa.testcases.MIdTrans_Home_Test" name="Validate_UnSuccessful_Order" time="14.366"/>
</testsuite> <!-- MidTrans_Test -->
