<?xml version="1.0" encoding="UTF-8"?>
<!-- Generated by org.testng.reporters.JUnitXMLReporter -->
<testsuite ignored="0" hostname="LAPTOP-9JIDQCJN" failures="0" tests="2" name="MidTrans_Test" time="67.082" errors="0" timestamp="04 Mar 2020 04:17:23 GMT">
  <testcase classname="com.midtrans.qa.testcases.MIdTrans_Home_Test" name="validate_SuccessFul_Order" time="23.052"/>
  <testcase classname="com.midtrans.qa.testcases.MIdTrans_Home_Test" name="Validate_UnSuccessful_Order" time="16.124"/>
</testsuite> <!-- MidTrans_Test -->
